tensor([[15,  0,  1],
        [15, 14,  0],
        [14, 15, 16],
        ...,
        [15,  0, 16],
        [15,  0, 16],
        [15,  0, 16]], device='cuda:0')
tensor([15, 15, 14,  ..., 15, 15, 15])
tensor([[14, 13, 16],
        [14, 13, 16],
        [16, 14,  0],
        ...,
        [15,  0, 16],
        [15,  0, 16],
        [15,  0, 16]], device='cuda:0')
tensor([14, 14, 16,  ..., 15, 15, 15])
tensor([[15,  0,  1],
        [15, 14,  0],
        [16, 14,  0],
        ...,
        [15,  0, 16],
        [15,  0, 16],
        [15,  0, 16]], device='cuda:0')
tensor([15, 15, 16,  ..., 15, 15, 15])
tensor([[14, 16, 13],
        [15,  0, 16],
        [14, 15, 16],
        ...,
        [15,  0, 16],
        [15,  0, 16],
        [15,  0, 16]], device='cuda:0')
tensor([14, 15, 14,  ..., 15, 15, 15])
tensor([[14, 13, 15],
        [14, 13, 15],
        [14, 13, 15],
        ...,
        [ 0, 15, 16],
        [ 0, 15, 16],
        [ 0, 15, 16]], device='cuda:0')
tensor([14, 14, 14,  ...,  0,  0,  0])
tensor([[14, 16, 13],
        [14, 16, 13],
        [14, 15, 16],
        ...,
        [15,  0, 16],
        [15,  0, 16],
        [15,  0, 16]], device='cuda:0')
tensor([14, 14, 14,  ..., 15, 15, 15])
tensor([[14, 16, 15],
        [15, 14,  0],
        [15, 14, 16],
        ...,
        [15,  0, 16],
        [15,  0, 16],
        [15,  0, 16]], device='cuda:0')
tensor([14, 15, 15,  ..., 15, 15, 15])
tensor([[15,  0, 16],
        [15, 14, 13],
        [14, 15, 13],
        ...,
        [15,  0, 16],
        [15,  0, 16],
        [15,  0, 16]], device='cuda:0')
tensor([15, 15, 14,  ..., 15, 15, 15])
tensor([[14, 16, 13],
        [15,  0, 16],
        [15, 14,  0],
        ...,
        [15,  0, 16],
        [15,  0, 16],
        [15,  0, 16]], device='cuda:0')
tensor([14, 15, 15,  ..., 15, 15, 15])
tensor([[14, 16, 13],
        [14, 16, 13],
        [15,  0, 16],
        ...,
        [15,  0, 16],
        [15,  0, 16],
        [15,  0, 16]], device='cuda:0')
tensor([14, 14, 15,  ..., 15, 15, 15])
